Arguments: 
  /usr/bin/node /usr/bin/yarn

PATH: 
  /hdd/Android/Sdk/emulator:/hdd/Android/Sdk/platform-tools:/hdd/Android/Sdk/tools:/home/alexander/.local/bin:/home/alexander/bin:/usr/local/sbin:/usr/local/bin:/usr/sbin:/usr/bin:/sbin:/bin:/usr/games:/usr/local/games:/snap/bin:/home/alexander/.dotnet/tools:/usr/lib/jvm/java-17-oracle/bin:/usr/lib/jvm/java-17-oracle/db/bin:/opt/:/usr/lib/dotnet:/usr/share/dotnet:/home/alexander/bin/kotlin-native-linux-x86_64-1.8.20/bin/:/home/alexander/bin/gradle

Yarn version: 
  1.22.19

Node version: 
  19.9.0

Platform: 
  linux x64

Trace: 
  SyntaxError: /hdd/Projects/Sperdify/package.json: Expected double-quoted property name in JSON at position 228
      at JSON.parse (<anonymous>)
      at /usr/lib/node_modules/yarn/lib/cli.js:1629:59
      at Generator.next (<anonymous>)
      at step (/usr/lib/node_modules/yarn/lib/cli.js:310:30)
      at /usr/lib/node_modules/yarn/lib/cli.js:321:13

npm manifest: 
  {
    "name": "Sperdify",
    "version": "0.0.1",
   "author": "asdfsadf",
    "repository": {
      "type": "git",
      "url": "git://github.com/cheeseonamonkey/Sperdify"
    },
    "type": "module",
    "engines": {
      "node": ">=18.11.0",
    },
    "dependencies": {
      "react": "^18.2.0",
      "react-dom": "^18.2.0"
    },
    "devDependencies": {
      "@ianvs/prettier-plugin-sort-imports": "^4.1.0",
      "@nkzw/eslint-config": "^1.5.0",
      "@swc/core": "^1.3.83",
      "@types/node": "^20.6.0",
      "@types/react": "^18.2.21",
      "@types/react-dom": "^18.2.7",
      "@vitejs/plugin-react": "^4.0.4",
      "autoprefixer": "^10.4.15",
      "eslint": "^8.49.0",
      "npm-run-all": "^4.1.5",
      "postcss": "^8.4.29",
      "prettier": "^3.0.3",
      "prettier-plugin-tailwindcss": "^0.5.4",
      "tailwindcss": "^3.3.3",
      "ts-node": "^10.9.1",
      "typescript": "^5.2.2",
      "vite": "^4.4.9",
      "vitest": "^0.34.4"
    },
    "scripts": {
      "build": "vite build",
      "dev": "vite dev",
      "format": "prettier --write .",
      "lint:format": "prettier --cache --check .",
      "lint": "eslint --cache .",
      "test": "npm-run-all --parallel tsc:check vitest:run lint lint:format",
      "tsc:check": "tsc",
      "vitest:run": "vitest run"
    },
    "browserslist": [
      ">0.2%",
      "not dead",
      "not op_mini all"
    ]
  }

yarn manifest: 
  No manifest

Lockfile: 
  No lockfile
